

Started GET "/" for ::1 at 2015-07-25 10:24:53 +0900
Processing by Rails::WelcomeController#index as HTML
  Rendered /Users/n-matsunaga/.rbenv/versions/2.2.2/lib/ruby/gems/2.2.0/gems/railties-4.2.3/lib/rails/templates/rails/welcome/index.html.erb (1.0ms)
Completed 200 OK in 13ms (Views: 5.6ms | ActiveRecord: 0.0ms)
  [1m[36m (1.7ms)[0m  [1mCREATE TABLE "schema_migrations" ("version" varchar NOT NULL) [0m
  [1m[35m (0.1ms)[0m  select sqlite_version(*)
  [1m[36m (0.8ms)[0m  [1mCREATE UNIQUE INDEX "unique_schema_migrations" ON "schema_migrations" ("version")[0m
  [1m[35mActiveRecord::SchemaMigration Load (0.1ms)[0m  SELECT "schema_migrations".* FROM "schema_migrations"
Migrating to CreateIdeas (20150725012511)
  [1m[36m (0.1ms)[0m  [1mbegin transaction[0m
  [1m[35m (0.4ms)[0m  CREATE TABLE "ideas" ("id" INTEGER PRIMARY KEY AUTOINCREMENT NOT NULL, "name" varchar, "description" text, "picture" varchar, "created_at" datetime NOT NULL, "updated_at" datetime NOT NULL) 
  [1m[36mSQL (0.1ms)[0m  [1mINSERT INTO "schema_migrations" ("version") VALUES (?)[0m  [["version", "20150725012511"]]
  [1m[35m (0.7ms)[0m  commit transaction
  [1m[36mActiveRecord::SchemaMigration Load (0.1ms)[0m  [1mSELECT "schema_migrations".* FROM "schema_migrations"[0m


Started GET "/" for ::1 at 2015-07-25 10:29:37 +0900
  [1m[36mActiveRecord::SchemaMigration Load (0.1ms)[0m  [1mSELECT "schema_migrations".* FROM "schema_migrations"[0m
Processing by Rails::WelcomeController#index as HTML
  Rendered /Users/n-matsunaga/.rbenv/versions/2.2.2/lib/ruby/gems/2.2.0/gems/railties-4.2.3/lib/rails/templates/rails/welcome/index.html.erb (1.2ms)
Completed 200 OK in 13ms (Views: 6.1ms | ActiveRecord: 0.0ms)


Started GET "/ideas" for ::1 at 2015-07-25 10:29:42 +0900
Processing by IdeasController#index as HTML
  [1m[35mIdea Load (0.2ms)[0m  SELECT "ideas".* FROM "ideas"
  Rendered ideas/index.html.erb within layouts/application (1.8ms)
Completed 200 OK in 1281ms (Views: 1278.3ms | ActiveRecord: 0.3ms)


Started GET "/assets/ideas.self-e3b0c44298fc1c149afbf4c8996fb92427ae41e4649b934ca495991b7852b855.css?body=1" for ::1 at 2015-07-25 10:29:43 +0900


Started GET "/assets/application.self-5beb12bc18b9be7168ac37349124f55738fdfdce9e525383f83bfd688d0298f9.css?body=1" for ::1 at 2015-07-25 10:29:43 +0900


Started GET "/assets/scaffolds.self-b64549a8cc5ad03ef3f342f74e93eac08a88f8d95aafa1b0e4b3eccd71b41d4a.css?body=1" for ::1 at 2015-07-25 10:29:43 +0900


Started GET "/assets/jquery.self-d03a5518f45df77341bdbe6201ba3bfa547ebba8ed64f0ea56bfa5f96ea7c074.js?body=1" for ::1 at 2015-07-25 10:29:43 +0900


Started GET "/assets/turbolinks.self-c37727e9bd6b2735da5c311aa83fead54ed0be6cc8bd9a65309e9c5abe2cbfff.js?body=1" for ::1 at 2015-07-25 10:29:43 +0900


Started GET "/assets/jquery_ujs.self-ca5248a2fad13d6bd58ea121318d642f195f0b2dd818b30615f785ff365e8d1f.js?body=1" for ::1 at 2015-07-25 10:29:43 +0900


Started GET "/assets/ideas.self-877aef30ae1b040ab8a3aba4e3e309a11d7f2612f44dde450b5c157aa5f95c05.js?body=1" for ::1 at 2015-07-25 10:29:43 +0900


Started GET "/assets/application.self-3b8dabdc891efe46b9a144b400ad69e37d7e5876bdc39dee783419a69d7ca819.js?body=1" for ::1 at 2015-07-25 10:29:43 +0900


Started GET "/ideas" for ::1 at 2015-07-25 10:34:02 +0900
Processing by IdeasController#index as HTML
Completed 500 Internal Server Error in 4ms (ActiveRecord: 0.0ms)

NameError (uninitialized constant Idea::PictureUploader):
  app/models/idea.rb:2:in `<class:Idea>'
  app/models/idea.rb:1:in `<top (required)>'
  app/controllers/ideas_controller.rb:7:in `index'


  Rendered /Users/n-matsunaga/.rbenv/versions/2.2.2/lib/ruby/gems/2.2.0/gems/actionpack-4.2.3/lib/action_dispatch/middleware/templates/rescues/_source.erb (5.2ms)
  Rendered /Users/n-matsunaga/.rbenv/versions/2.2.2/lib/ruby/gems/2.2.0/gems/actionpack-4.2.3/lib/action_dispatch/middleware/templates/rescues/_trace.html.erb (2.9ms)
  Rendered /Users/n-matsunaga/.rbenv/versions/2.2.2/lib/ruby/gems/2.2.0/gems/actionpack-4.2.3/lib/action_dispatch/middleware/templates/rescues/_request_and_response.html.erb (1.2ms)
  Rendered /Users/n-matsunaga/.rbenv/versions/2.2.2/lib/ruby/gems/2.2.0/gems/actionpack-4.2.3/lib/action_dispatch/middleware/templates/rescues/diagnostics.html.erb within rescues/layout (58.1ms)
  Rendered /Users/n-matsunaga/.rbenv/versions/2.2.2/lib/ruby/gems/2.2.0/gems/web-console-2.2.1/lib/web_console/templates/_markup.html.erb (0.5ms)
  Rendered /Users/n-matsunaga/.rbenv/versions/2.2.2/lib/ruby/gems/2.2.0/gems/web-console-2.2.1/lib/web_console/templates/_inner_console_markup.html.erb within layouts/inlined_string (0.3ms)
  Rendered /Users/n-matsunaga/.rbenv/versions/2.2.2/lib/ruby/gems/2.2.0/gems/web-console-2.2.1/lib/web_console/templates/_prompt_box_markup.html.erb within layouts/inlined_string (0.3ms)
  Rendered /Users/n-matsunaga/.rbenv/versions/2.2.2/lib/ruby/gems/2.2.0/gems/web-console-2.2.1/lib/web_console/templates/style.css.erb within layouts/inlined_string (0.5ms)
  Rendered /Users/n-matsunaga/.rbenv/versions/2.2.2/lib/ruby/gems/2.2.0/gems/web-console-2.2.1/lib/web_console/templates/console.js.erb within layouts/javascript (47.9ms)
  Rendered /Users/n-matsunaga/.rbenv/versions/2.2.2/lib/ruby/gems/2.2.0/gems/web-console-2.2.1/lib/web_console/templates/main.js.erb within layouts/javascript (0.3ms)
  Rendered /Users/n-matsunaga/.rbenv/versions/2.2.2/lib/ruby/gems/2.2.0/gems/web-console-2.2.1/lib/web_console/templates/error_page.js.erb within layouts/javascript (0.5ms)
  Rendered /Users/n-matsunaga/.rbenv/versions/2.2.2/lib/ruby/gems/2.2.0/gems/web-console-2.2.1/lib/web_console/templates/index.html.erb (107.8ms)


Started GET "/ideas" for ::1 at 2015-07-25 10:35:58 +0900
Processing by IdeasController#index as HTML
Completed 500 Internal Server Error in 4ms (ActiveRecord: 0.0ms)

NameError (uninitialized constant Idea::PictureUploader):
  app/models/idea.rb:2:in `<class:Idea>'
  app/models/idea.rb:1:in `<top (required)>'
  app/controllers/ideas_controller.rb:7:in `index'


  Rendered /Users/n-matsunaga/.rbenv/versions/2.2.2/lib/ruby/gems/2.2.0/gems/actionpack-4.2.3/lib/action_dispatch/middleware/templates/rescues/_source.erb (9.6ms)
  Rendered /Users/n-matsunaga/.rbenv/versions/2.2.2/lib/ruby/gems/2.2.0/gems/actionpack-4.2.3/lib/action_dispatch/middleware/templates/rescues/_trace.html.erb (1.4ms)
  Rendered /Users/n-matsunaga/.rbenv/versions/2.2.2/lib/ruby/gems/2.2.0/gems/actionpack-4.2.3/lib/action_dispatch/middleware/templates/rescues/_request_and_response.html.erb (0.6ms)
  Rendered /Users/n-matsunaga/.rbenv/versions/2.2.2/lib/ruby/gems/2.2.0/gems/actionpack-4.2.3/lib/action_dispatch/middleware/templates/rescues/diagnostics.html.erb within rescues/layout (55.1ms)
  Rendered /Users/n-matsunaga/.rbenv/versions/2.2.2/lib/ruby/gems/2.2.0/gems/web-console-2.2.1/lib/web_console/templates/_markup.html.erb (0.3ms)
  Rendered /Users/n-matsunaga/.rbenv/versions/2.2.2/lib/ruby/gems/2.2.0/gems/web-console-2.2.1/lib/web_console/templates/_inner_console_markup.html.erb within layouts/inlined_string (0.3ms)
  Rendered /Users/n-matsunaga/.rbenv/versions/2.2.2/lib/ruby/gems/2.2.0/gems/web-console-2.2.1/lib/web_console/templates/_prompt_box_markup.html.erb within layouts/inlined_string (0.3ms)
  Rendered /Users/n-matsunaga/.rbenv/versions/2.2.2/lib/ruby/gems/2.2.0/gems/web-console-2.2.1/lib/web_console/templates/style.css.erb within layouts/inlined_string (0.3ms)
  Rendered /Users/n-matsunaga/.rbenv/versions/2.2.2/lib/ruby/gems/2.2.0/gems/web-console-2.2.1/lib/web_console/templates/console.js.erb within layouts/javascript (46.0ms)
  Rendered /Users/n-matsunaga/.rbenv/versions/2.2.2/lib/ruby/gems/2.2.0/gems/web-console-2.2.1/lib/web_console/templates/main.js.erb within layouts/javascript (0.3ms)
  Rendered /Users/n-matsunaga/.rbenv/versions/2.2.2/lib/ruby/gems/2.2.0/gems/web-console-2.2.1/lib/web_console/templates/error_page.js.erb within layouts/javascript (0.3ms)
  Rendered /Users/n-matsunaga/.rbenv/versions/2.2.2/lib/ruby/gems/2.2.0/gems/web-console-2.2.1/lib/web_console/templates/index.html.erb (103.5ms)


Started GET "/ideas" for ::1 at 2015-07-25 10:36:42 +0900
Processing by IdeasController#index as HTML
Completed 500 Internal Server Error in 2ms (ActiveRecord: 0.0ms)

NameError (uninitialized constant Idea::PictureUploader):
  app/models/idea.rb:2:in `<class:Idea>'
  app/models/idea.rb:1:in `<top (required)>'
  app/controllers/ideas_controller.rb:7:in `index'


  Rendered /Users/n-matsunaga/.rbenv/versions/2.2.2/lib/ruby/gems/2.2.0/gems/actionpack-4.2.3/lib/action_dispatch/middleware/templates/rescues/_source.erb (3.7ms)
  Rendered /Users/n-matsunaga/.rbenv/versions/2.2.2/lib/ruby/gems/2.2.0/gems/actionpack-4.2.3/lib/action_dispatch/middleware/templates/rescues/_trace.html.erb (1.5ms)
  Rendered /Users/n-matsunaga/.rbenv/versions/2.2.2/lib/ruby/gems/2.2.0/gems/actionpack-4.2.3/lib/action_dispatch/middleware/templates/rescues/_request_and_response.html.erb (0.7ms)
  Rendered /Users/n-matsunaga/.rbenv/versions/2.2.2/lib/ruby/gems/2.2.0/gems/actionpack-4.2.3/lib/action_dispatch/middleware/templates/rescues/diagnostics.html.erb within rescues/layout (51.3ms)
  Rendered /Users/n-matsunaga/.rbenv/versions/2.2.2/lib/ruby/gems/2.2.0/gems/web-console-2.2.1/lib/web_console/templates/_markup.html.erb (0.2ms)
  Rendered /Users/n-matsunaga/.rbenv/versions/2.2.2/lib/ruby/gems/2.2.0/gems/web-console-2.2.1/lib/web_console/templates/_inner_console_markup.html.erb within layouts/inlined_string (0.3ms)
  Rendered /Users/n-matsunaga/.rbenv/versions/2.2.2/lib/ruby/gems/2.2.0/gems/web-console-2.2.1/lib/web_console/templates/_prompt_box_markup.html.erb within layouts/inlined_string (0.4ms)
  Rendered /Users/n-matsunaga/.rbenv/versions/2.2.2/lib/ruby/gems/2.2.0/gems/web-console-2.2.1/lib/web_console/templates/style.css.erb within layouts/inlined_string (0.4ms)
  Rendered /Users/n-matsunaga/.rbenv/versions/2.2.2/lib/ruby/gems/2.2.0/gems/web-console-2.2.1/lib/web_console/templates/console.js.erb within layouts/javascript (47.1ms)
  Rendered /Users/n-matsunaga/.rbenv/versions/2.2.2/lib/ruby/gems/2.2.0/gems/web-console-2.2.1/lib/web_console/templates/main.js.erb within layouts/javascript (0.3ms)
  Rendered /Users/n-matsunaga/.rbenv/versions/2.2.2/lib/ruby/gems/2.2.0/gems/web-console-2.2.1/lib/web_console/templates/error_page.js.erb within layouts/javascript (0.3ms)
  Rendered /Users/n-matsunaga/.rbenv/versions/2.2.2/lib/ruby/gems/2.2.0/gems/web-console-2.2.1/lib/web_console/templates/index.html.erb (100.2ms)


Started GET "/ideas" for ::1 at 2015-07-25 10:36:43 +0900
Processing by IdeasController#index as HTML
Completed 500 Internal Server Error in 2ms (ActiveRecord: 0.0ms)

NameError (uninitialized constant Idea::PictureUploader):
  app/models/idea.rb:2:in `<class:Idea>'
  app/models/idea.rb:1:in `<top (required)>'
  app/controllers/ideas_controller.rb:7:in `index'


  Rendered /Users/n-matsunaga/.rbenv/versions/2.2.2/lib/ruby/gems/2.2.0/gems/actionpack-4.2.3/lib/action_dispatch/middleware/templates/rescues/_source.erb (4.3ms)
  Rendered /Users/n-matsunaga/.rbenv/versions/2.2.2/lib/ruby/gems/2.2.0/gems/actionpack-4.2.3/lib/action_dispatch/middleware/templates/rescues/_trace.html.erb (1.9ms)
  Rendered /Users/n-matsunaga/.rbenv/versions/2.2.2/lib/ruby/gems/2.2.0/gems/actionpack-4.2.3/lib/action_dispatch/middleware/templates/rescues/_request_and_response.html.erb (0.9ms)
  Rendered /Users/n-matsunaga/.rbenv/versions/2.2.2/lib/ruby/gems/2.2.0/gems/actionpack-4.2.3/lib/action_dispatch/middleware/templates/rescues/diagnostics.html.erb within rescues/layout (54.4ms)
  Rendered /Users/n-matsunaga/.rbenv/versions/2.2.2/lib/ruby/gems/2.2.0/gems/web-console-2.2.1/lib/web_console/templates/_markup.html.erb (0.3ms)
  Rendered /Users/n-matsunaga/.rbenv/versions/2.2.2/lib/ruby/gems/2.2.0/gems/web-console-2.2.1/lib/web_console/templates/_inner_console_markup.html.erb within layouts/inlined_string (0.3ms)
  Rendered /Users/n-matsunaga/.rbenv/versions/2.2.2/lib/ruby/gems/2.2.0/gems/web-console-2.2.1/lib/web_console/templates/_prompt_box_markup.html.erb within layouts/inlined_string (0.3ms)
  Rendered /Users/n-matsunaga/.rbenv/versions/2.2.2/lib/ruby/gems/2.2.0/gems/web-console-2.2.1/lib/web_console/templates/style.css.erb within layouts/inlined_string (0.4ms)
  Rendered /Users/n-matsunaga/.rbenv/versions/2.2.2/lib/ruby/gems/2.2.0/gems/web-console-2.2.1/lib/web_console/templates/console.js.erb within layouts/javascript (43.3ms)
  Rendered /Users/n-matsunaga/.rbenv/versions/2.2.2/lib/ruby/gems/2.2.0/gems/web-console-2.2.1/lib/web_console/templates/main.js.erb within layouts/javascript (0.6ms)
  Rendered /Users/n-matsunaga/.rbenv/versions/2.2.2/lib/ruby/gems/2.2.0/gems/web-console-2.2.1/lib/web_console/templates/error_page.js.erb within layouts/javascript (0.3ms)
  Rendered /Users/n-matsunaga/.rbenv/versions/2.2.2/lib/ruby/gems/2.2.0/gems/web-console-2.2.1/lib/web_console/templates/index.html.erb (96.7ms)


Started GET "/ideas" for ::1 at 2015-07-25 10:37:22 +0900
Processing by IdeasController#index as HTML
  [1m[36mIdea Load (0.3ms)[0m  [1mSELECT "ideas".* FROM "ideas"[0m
  Rendered ideas/index.html.erb within layouts/application (1.5ms)
Completed 200 OK in 38ms (Views: 27.4ms | ActiveRecord: 0.4ms)


Started GET "/assets/ideas.self-e3b0c44298fc1c149afbf4c8996fb92427ae41e4649b934ca495991b7852b855.css?body=1" for ::1 at 2015-07-25 10:37:22 +0900


Started GET "/assets/scaffolds.self-b64549a8cc5ad03ef3f342f74e93eac08a88f8d95aafa1b0e4b3eccd71b41d4a.css?body=1" for ::1 at 2015-07-25 10:37:22 +0900


Started GET "/assets/jquery_ujs.self-ca5248a2fad13d6bd58ea121318d642f195f0b2dd818b30615f785ff365e8d1f.js?body=1" for ::1 at 2015-07-25 10:37:22 +0900


Started GET "/assets/jquery.self-d03a5518f45df77341bdbe6201ba3bfa547ebba8ed64f0ea56bfa5f96ea7c074.js?body=1" for ::1 at 2015-07-25 10:37:22 +0900


Started GET "/assets/turbolinks.self-c37727e9bd6b2735da5c311aa83fead54ed0be6cc8bd9a65309e9c5abe2cbfff.js?body=1" for ::1 at 2015-07-25 10:37:22 +0900


Started GET "/assets/ideas.self-877aef30ae1b040ab8a3aba4e3e309a11d7f2612f44dde450b5c157aa5f95c05.js?body=1" for ::1 at 2015-07-25 10:37:22 +0900


Started GET "/assets/application.self-5beb12bc18b9be7168ac37349124f55738fdfdce9e525383f83bfd688d0298f9.css?body=1" for ::1 at 2015-07-25 10:37:22 +0900


Started GET "/assets/application.self-3b8dabdc891efe46b9a144b400ad69e37d7e5876bdc39dee783419a69d7ca819.js?body=1" for ::1 at 2015-07-25 10:37:22 +0900


Started GET "/ideas" for ::1 at 2015-07-25 10:37:49 +0900
Processing by IdeasController#index as HTML
Completed 500 Internal Server Error in 3ms (ActiveRecord: 0.0ms)

NameError (uninitialized constant Idea::PictureUploader):
  app/models/idea.rb:2:in `<class:Idea>'
  app/models/idea.rb:1:in `<top (required)>'
  app/controllers/ideas_controller.rb:7:in `index'


  Rendered /Users/n-matsunaga/.rbenv/versions/2.2.2/lib/ruby/gems/2.2.0/gems/actionpack-4.2.3/lib/action_dispatch/middleware/templates/rescues/_source.erb (3.9ms)
  Rendered /Users/n-matsunaga/.rbenv/versions/2.2.2/lib/ruby/gems/2.2.0/gems/actionpack-4.2.3/lib/action_dispatch/middleware/templates/rescues/_trace.html.erb (3.3ms)
  Rendered /Users/n-matsunaga/.rbenv/versions/2.2.2/lib/ruby/gems/2.2.0/gems/actionpack-4.2.3/lib/action_dispatch/middleware/templates/rescues/_request_and_response.html.erb (0.9ms)
  Rendered /Users/n-matsunaga/.rbenv/versions/2.2.2/lib/ruby/gems/2.2.0/gems/actionpack-4.2.3/lib/action_dispatch/middleware/templates/rescues/diagnostics.html.erb within rescues/layout (53.1ms)
  Rendered /Users/n-matsunaga/.rbenv/versions/2.2.2/lib/ruby/gems/2.2.0/gems/web-console-2.2.1/lib/web_console/templates/_markup.html.erb (0.3ms)
  Rendered /Users/n-matsunaga/.rbenv/versions/2.2.2/lib/ruby/gems/2.2.0/gems/web-console-2.2.1/lib/web_console/templates/_inner_console_markup.html.erb within layouts/inlined_string (0.4ms)
  Rendered /Users/n-matsunaga/.rbenv/versions/2.2.2/lib/ruby/gems/2.2.0/gems/web-console-2.2.1/lib/web_console/templates/_prompt_box_markup.html.erb within layouts/inlined_string (0.3ms)
  Rendered /Users/n-matsunaga/.rbenv/versions/2.2.2/lib/ruby/gems/2.2.0/gems/web-console-2.2.1/lib/web_console/templates/style.css.erb within layouts/inlined_string (0.3ms)
  Rendered /Users/n-matsunaga/.rbenv/versions/2.2.2/lib/ruby/gems/2.2.0/gems/web-console-2.2.1/lib/web_console/templates/console.js.erb within layouts/javascript (47.1ms)
  Rendered /Users/n-matsunaga/.rbenv/versions/2.2.2/lib/ruby/gems/2.2.0/gems/web-console-2.2.1/lib/web_console/templates/main.js.erb within layouts/javascript (0.3ms)
  Rendered /Users/n-matsunaga/.rbenv/versions/2.2.2/lib/ruby/gems/2.2.0/gems/web-console-2.2.1/lib/web_console/templates/error_page.js.erb within layouts/javascript (0.4ms)
  Rendered /Users/n-matsunaga/.rbenv/versions/2.2.2/lib/ruby/gems/2.2.0/gems/web-console-2.2.1/lib/web_console/templates/index.html.erb (99.5ms)


Started GET "/ideas" for ::1 at 2015-07-25 10:42:13 +0900
  [1m[36mActiveRecord::SchemaMigration Load (0.1ms)[0m  [1mSELECT "schema_migrations".* FROM "schema_migrations"[0m
Processing by IdeasController#index as HTML
  [1m[35mIdea Load (0.2ms)[0m  SELECT "ideas".* FROM "ideas"
  Rendered ideas/index.html.erb within layouts/application (8.1ms)
Completed 200 OK in 210ms (Views: 199.2ms | ActiveRecord: 0.4ms)


Started GET "/assets/application.self-5beb12bc18b9be7168ac37349124f55738fdfdce9e525383f83bfd688d0298f9.css?body=1" for ::1 at 2015-07-25 10:42:14 +0900


Started GET "/assets/ideas.self-e3b0c44298fc1c149afbf4c8996fb92427ae41e4649b934ca495991b7852b855.css?body=1" for ::1 at 2015-07-25 10:42:14 +0900


Started GET "/assets/jquery.self-d03a5518f45df77341bdbe6201ba3bfa547ebba8ed64f0ea56bfa5f96ea7c074.js?body=1" for ::1 at 2015-07-25 10:42:14 +0900


Started GET "/assets/scaffolds.self-b64549a8cc5ad03ef3f342f74e93eac08a88f8d95aafa1b0e4b3eccd71b41d4a.css?body=1" for ::1 at 2015-07-25 10:42:14 +0900


Started GET "/assets/jquery_ujs.self-ca5248a2fad13d6bd58ea121318d642f195f0b2dd818b30615f785ff365e8d1f.js?body=1" for ::1 at 2015-07-25 10:42:14 +0900


Started GET "/assets/turbolinks.self-c37727e9bd6b2735da5c311aa83fead54ed0be6cc8bd9a65309e9c5abe2cbfff.js?body=1" for ::1 at 2015-07-25 10:42:14 +0900


Started GET "/assets/ideas.self-877aef30ae1b040ab8a3aba4e3e309a11d7f2612f44dde450b5c157aa5f95c05.js?body=1" for ::1 at 2015-07-25 10:42:14 +0900


Started GET "/assets/application.self-3b8dabdc891efe46b9a144b400ad69e37d7e5876bdc39dee783419a69d7ca819.js?body=1" for ::1 at 2015-07-25 10:42:14 +0900


Started GET "/ideas/new" for ::1 at 2015-07-25 10:42:27 +0900
Processing by IdeasController#new as HTML
  Rendered ideas/_form.html.erb (12.0ms)
  Rendered ideas/new.html.erb within layouts/application (15.3ms)
Completed 200 OK in 41ms (Views: 37.1ms | ActiveRecord: 0.2ms)


Started GET "/" for ::1 at 2015-07-25 10:42:37 +0900
Processing by Rails::WelcomeController#index as HTML
  Rendered /Users/n-matsunaga/.rbenv/versions/2.2.2/lib/ruby/gems/2.2.0/gems/railties-4.2.3/lib/rails/templates/rails/welcome/index.html.erb (0.5ms)
Completed 200 OK in 3ms (Views: 2.9ms | ActiveRecord: 0.0ms)


Started GET "/" for ::1 at 2015-07-25 10:42:37 +0900
Processing by Rails::WelcomeController#index as HTML
  Rendered /Users/n-matsunaga/.rbenv/versions/2.2.2/lib/ruby/gems/2.2.0/gems/railties-4.2.3/lib/rails/templates/rails/welcome/index.html.erb (0.5ms)
Completed 200 OK in 3ms (Views: 2.3ms | ActiveRecord: 0.0ms)


Started GET "/ideas" for ::1 at 2015-07-25 10:42:45 +0900
Processing by IdeasController#index as HTML
  [1m[36mIdea Load (0.2ms)[0m  [1mSELECT "ideas".* FROM "ideas"[0m
  Rendered ideas/index.html.erb within layouts/application (1.5ms)
Completed 200 OK in 23ms (Views: 22.3ms | ActiveRecord: 0.2ms)


Started GET "/ideas" for ::1 at 2015-07-25 10:43:37 +0900
Processing by IdeasController#index as HTML
  [1m[35mIdea Load (0.1ms)[0m  SELECT "ideas".* FROM "ideas"
  Rendered ideas/index.html.erb within layouts/application (0.6ms)
Completed 200 OK in 43ms (Views: 42.4ms | ActiveRecord: 0.1ms)


Started GET "/assets/scaffolds.self-b64549a8cc5ad03ef3f342f74e93eac08a88f8d95aafa1b0e4b3eccd71b41d4a.css?body=1" for ::1 at 2015-07-25 10:43:38 +0900


Started GET "/assets/application.self-5beb12bc18b9be7168ac37349124f55738fdfdce9e525383f83bfd688d0298f9.css?body=1" for ::1 at 2015-07-25 10:43:38 +0900


Started GET "/assets/turbolinks.self-c37727e9bd6b2735da5c311aa83fead54ed0be6cc8bd9a65309e9c5abe2cbfff.js?body=1" for ::1 at 2015-07-25 10:43:38 +0900


Started GET "/assets/ideas.self-e3b0c44298fc1c149afbf4c8996fb92427ae41e4649b934ca495991b7852b855.css?body=1" for ::1 at 2015-07-25 10:43:38 +0900


Started GET "/assets/jquery.self-d03a5518f45df77341bdbe6201ba3bfa547ebba8ed64f0ea56bfa5f96ea7c074.js?body=1" for ::1 at 2015-07-25 10:43:38 +0900


Started GET "/assets/jquery_ujs.self-ca5248a2fad13d6bd58ea121318d642f195f0b2dd818b30615f785ff365e8d1f.js?body=1" for ::1 at 2015-07-25 10:43:38 +0900


Started GET "/assets/ideas.self-877aef30ae1b040ab8a3aba4e3e309a11d7f2612f44dde450b5c157aa5f95c05.js?body=1" for ::1 at 2015-07-25 10:43:38 +0900


Started GET "/assets/application.self-3b8dabdc891efe46b9a144b400ad69e37d7e5876bdc39dee783419a69d7ca819.js?body=1" for ::1 at 2015-07-25 10:43:38 +0900


Started GET "/ideas" for ::1 at 2015-07-25 10:43:39 +0900
Processing by IdeasController#index as HTML
  [1m[36mIdea Load (0.2ms)[0m  [1mSELECT "ideas".* FROM "ideas"[0m
  Rendered ideas/index.html.erb within layouts/application (0.8ms)
Completed 200 OK in 37ms (Views: 36.1ms | ActiveRecord: 0.1ms)


Started GET "/assets/ideas.self-e3b0c44298fc1c149afbf4c8996fb92427ae41e4649b934ca495991b7852b855.css?body=1" for ::1 at 2015-07-25 10:43:39 +0900


Started GET "/assets/jquery.self-d03a5518f45df77341bdbe6201ba3bfa547ebba8ed64f0ea56bfa5f96ea7c074.js?body=1" for ::1 at 2015-07-25 10:43:39 +0900


Started GET "/assets/application.self-5beb12bc18b9be7168ac37349124f55738fdfdce9e525383f83bfd688d0298f9.css?body=1" for ::1 at 2015-07-25 10:43:39 +0900


Started GET "/assets/jquery_ujs.self-ca5248a2fad13d6bd58ea121318d642f195f0b2dd818b30615f785ff365e8d1f.js?body=1" for ::1 at 2015-07-25 10:43:39 +0900


Started GET "/assets/scaffolds.self-b64549a8cc5ad03ef3f342f74e93eac08a88f8d95aafa1b0e4b3eccd71b41d4a.css?body=1" for ::1 at 2015-07-25 10:43:39 +0900


Started GET "/assets/turbolinks.self-c37727e9bd6b2735da5c311aa83fead54ed0be6cc8bd9a65309e9c5abe2cbfff.js?body=1" for ::1 at 2015-07-25 10:43:39 +0900


Started GET "/assets/ideas.self-877aef30ae1b040ab8a3aba4e3e309a11d7f2612f44dde450b5c157aa5f95c05.js?body=1" for ::1 at 2015-07-25 10:43:39 +0900


Started GET "/assets/application.self-3b8dabdc891efe46b9a144b400ad69e37d7e5876bdc39dee783419a69d7ca819.js?body=1" for ::1 at 2015-07-25 10:43:39 +0900


Started GET "/ideas/new" for ::1 at 2015-07-25 10:43:40 +0900
Processing by IdeasController#new as HTML
  Rendered ideas/_form.html.erb (2.4ms)
  Rendered ideas/new.html.erb within layouts/application (4.2ms)
Completed 200 OK in 40ms (Views: 38.9ms | ActiveRecord: 0.0ms)


Started GET "/ideas/new" for ::1 at 2015-07-25 10:43:50 +0900
  [1m[36mActiveRecord::SchemaMigration Load (0.1ms)[0m  [1mSELECT "schema_migrations".* FROM "schema_migrations"[0m
Processing by IdeasController#new as HTML
  Rendered ideas/_form.html.erb (12.0ms)
  Rendered ideas/new.html.erb within layouts/application (17.0ms)
Completed 200 OK in 218ms (Views: 199.8ms | ActiveRecord: 0.4ms)


Started GET "/assets/ideas.self-e3b0c44298fc1c149afbf4c8996fb92427ae41e4649b934ca495991b7852b855.css?body=1" for ::1 at 2015-07-25 10:43:50 +0900


Started GET "/assets/jquery.self-d03a5518f45df77341bdbe6201ba3bfa547ebba8ed64f0ea56bfa5f96ea7c074.js?body=1" for ::1 at 2015-07-25 10:43:50 +0900


Started GET "/assets/scaffolds.self-b64549a8cc5ad03ef3f342f74e93eac08a88f8d95aafa1b0e4b3eccd71b41d4a.css?body=1" for ::1 at 2015-07-25 10:43:50 +0900


Started GET "/assets/application.self-5beb12bc18b9be7168ac37349124f55738fdfdce9e525383f83bfd688d0298f9.css?body=1" for ::1 at 2015-07-25 10:43:50 +0900


Started GET "/assets/turbolinks.self-c37727e9bd6b2735da5c311aa83fead54ed0be6cc8bd9a65309e9c5abe2cbfff.js?body=1" for ::1 at 2015-07-25 10:43:50 +0900


Started GET "/assets/jquery_ujs.self-ca5248a2fad13d6bd58ea121318d642f195f0b2dd818b30615f785ff365e8d1f.js?body=1" for ::1 at 2015-07-25 10:43:50 +0900


Started GET "/assets/application.self-3b8dabdc891efe46b9a144b400ad69e37d7e5876bdc39dee783419a69d7ca819.js?body=1" for ::1 at 2015-07-25 10:43:50 +0900


Started GET "/assets/ideas.self-877aef30ae1b040ab8a3aba4e3e309a11d7f2612f44dde450b5c157aa5f95c05.js?body=1" for ::1 at 2015-07-25 10:43:50 +0900


Started GET "/ideas/new" for ::1 at 2015-07-25 10:43:54 +0900
Processing by IdeasController#new as HTML
  Rendered ideas/_form.html.erb (1.8ms)
  Rendered ideas/new.html.erb within layouts/application (3.0ms)
Completed 200 OK in 27ms (Views: 26.2ms | ActiveRecord: 0.0ms)


Started GET "/assets/ideas.self-e3b0c44298fc1c149afbf4c8996fb92427ae41e4649b934ca495991b7852b855.css?body=1" for ::1 at 2015-07-25 10:43:54 +0900


Started GET "/assets/turbolinks.self-c37727e9bd6b2735da5c311aa83fead54ed0be6cc8bd9a65309e9c5abe2cbfff.js?body=1" for ::1 at 2015-07-25 10:43:54 +0900


Started GET "/assets/jquery.self-d03a5518f45df77341bdbe6201ba3bfa547ebba8ed64f0ea56bfa5f96ea7c074.js?body=1" for ::1 at 2015-07-25 10:43:54 +0900


Started GET "/assets/scaffolds.self-b64549a8cc5ad03ef3f342f74e93eac08a88f8d95aafa1b0e4b3eccd71b41d4a.css?body=1" for ::1 at 2015-07-25 10:43:54 +0900


Started GET "/assets/jquery_ujs.self-ca5248a2fad13d6bd58ea121318d642f195f0b2dd818b30615f785ff365e8d1f.js?body=1" for ::1 at 2015-07-25 10:43:54 +0900


Started GET "/assets/application.self-5beb12bc18b9be7168ac37349124f55738fdfdce9e525383f83bfd688d0298f9.css?body=1" for ::1 at 2015-07-25 10:43:54 +0900


Started GET "/assets/ideas.self-877aef30ae1b040ab8a3aba4e3e309a11d7f2612f44dde450b5c157aa5f95c05.js?body=1" for ::1 at 2015-07-25 10:43:54 +0900


Started GET "/assets/application.self-3b8dabdc891efe46b9a144b400ad69e37d7e5876bdc39dee783419a69d7ca819.js?body=1" for ::1 at 2015-07-25 10:43:54 +0900


Started POST "/ideas" for ::1 at 2015-07-25 10:44:06 +0900
Processing by IdeasController#create as HTML
  Parameters: {"utf8"=>"✓", "authenticity_token"=>"OpJUjAVfFV/7dA3lWLbIY5MybH2cuFh40zMt0N/ELjsyUlbVO7FhZlmLJwUY52z5vGpW01CJii7mO8EpxuggeA==", "idea"=>{"name"=>"test", "description"=>"test", "picture"=>"test"}, "commit"=>"Create Idea"}
Completed 500 Internal Server Error in 2ms (ActiveRecord: 0.0ms)

CarrierWave::FormNotMultipart (You tried to assign a String or a Pathname to an uploader, for security reasons, this is not allowed.

 If this is a file upload, please check that your upload form is multipart encoded.):
  app/controllers/ideas_controller.rb:27:in `create'


  Rendered /Users/n-matsunaga/.rbenv/versions/2.2.2/lib/ruby/gems/2.2.0/gems/actionpack-4.2.3/lib/action_dispatch/middleware/templates/rescues/_source.erb (3.8ms)
  Rendered /Users/n-matsunaga/.rbenv/versions/2.2.2/lib/ruby/gems/2.2.0/gems/actionpack-4.2.3/lib/action_dispatch/middleware/templates/rescues/_trace.html.erb (1.9ms)
  Rendered /Users/n-matsunaga/.rbenv/versions/2.2.2/lib/ruby/gems/2.2.0/gems/actionpack-4.2.3/lib/action_dispatch/middleware/templates/rescues/_request_and_response.html.erb (1.0ms)
  Rendered /Users/n-matsunaga/.rbenv/versions/2.2.2/lib/ruby/gems/2.2.0/gems/actionpack-4.2.3/lib/action_dispatch/middleware/templates/rescues/diagnostics.html.erb within rescues/layout (51.5ms)
  Rendered /Users/n-matsunaga/.rbenv/versions/2.2.2/lib/ruby/gems/2.2.0/gems/web-console-2.2.1/lib/web_console/templates/_markup.html.erb (0.3ms)
  Rendered /Users/n-matsunaga/.rbenv/versions/2.2.2/lib/ruby/gems/2.2.0/gems/web-console-2.2.1/lib/web_console/templates/_inner_console_markup.html.erb within layouts/inlined_string (0.7ms)
  Rendered /Users/n-matsunaga/.rbenv/versions/2.2.2/lib/ruby/gems/2.2.0/gems/web-console-2.2.1/lib/web_console/templates/_prompt_box_markup.html.erb within layouts/inlined_string (0.3ms)
  Rendered /Users/n-matsunaga/.rbenv/versions/2.2.2/lib/ruby/gems/2.2.0/gems/web-console-2.2.1/lib/web_console/templates/style.css.erb within layouts/inlined_string (0.3ms)
  Rendered /Users/n-matsunaga/.rbenv/versions/2.2.2/lib/ruby/gems/2.2.0/gems/web-console-2.2.1/lib/web_console/templates/console.js.erb within layouts/javascript (49.8ms)
  Rendered /Users/n-matsunaga/.rbenv/versions/2.2.2/lib/ruby/gems/2.2.0/gems/web-console-2.2.1/lib/web_console/templates/main.js.erb within layouts/javascript (0.2ms)
  Rendered /Users/n-matsunaga/.rbenv/versions/2.2.2/lib/ruby/gems/2.2.0/gems/web-console-2.2.1/lib/web_console/templates/error_page.js.erb within layouts/javascript (0.4ms)
  Rendered /Users/n-matsunaga/.rbenv/versions/2.2.2/lib/ruby/gems/2.2.0/gems/web-console-2.2.1/lib/web_console/templates/index.html.erb (104.4ms)


Started POST "/ideas" for ::1 at 2015-07-25 10:44:17 +0900
Processing by IdeasController#create as HTML
  Parameters: {"utf8"=>"✓", "authenticity_token"=>"OpJUjAVfFV/7dA3lWLbIY5MybH2cuFh40zMt0N/ELjsyUlbVO7FhZlmLJwUY52z5vGpW01CJii7mO8EpxuggeA==", "idea"=>{"name"=>"test", "description"=>"test", "picture"=>""}, "commit"=>"Create Idea"}
  [1m[35m (0.1ms)[0m  begin transaction
  [1m[36mSQL (1.2ms)[0m  [1mINSERT INTO "ideas" ("name", "description", "picture", "created_at", "updated_at") VALUES (?, ?, ?, ?, ?)[0m  [["name", "test"], ["description", "test"], ["picture", nil], ["created_at", "2015-07-25 01:44:17.916780"], ["updated_at", "2015-07-25 01:44:17.916780"]]
  [1m[35m (1.4ms)[0m  commit transaction
Redirected to http://localhost:3000/ideas/1
Completed 302 Found in 12ms (ActiveRecord: 2.7ms)


Started GET "/ideas/1" for ::1 at 2015-07-25 10:44:17 +0900
Processing by IdeasController#show as HTML
  Parameters: {"id"=>"1"}
  [1m[36mIdea Load (0.2ms)[0m  [1mSELECT  "ideas".* FROM "ideas" WHERE "ideas"."id" = ? LIMIT 1[0m  [["id", 1]]
  Rendered ideas/show.html.erb within layouts/application (1.2ms)
Completed 200 OK in 37ms (Views: 31.1ms | ActiveRecord: 0.2ms)


Started GET "/ideas" for ::1 at 2015-07-25 10:44:43 +0900
Processing by IdeasController#index as HTML
  [1m[35mIdea Load (0.1ms)[0m  SELECT "ideas".* FROM "ideas"
  Rendered ideas/index.html.erb within layouts/application (1.6ms)
Completed 200 OK in 40ms (Views: 39.0ms | ActiveRecord: 0.1ms)


Started GET "/ideas/new" for ::1 at 2015-07-25 10:44:47 +0900
Processing by IdeasController#new as HTML
  Rendered ideas/_form.html.erb (3.0ms)
  Rendered ideas/new.html.erb within layouts/application (5.3ms)
Completed 200 OK in 36ms (Views: 35.7ms | ActiveRecord: 0.0ms)


Started GET "/ideas/new" for ::1 at 2015-07-25 10:46:55 +0900
Processing by IdeasController#new as HTML
  Rendered ideas/_form.html.erb (3.4ms)
  Rendered ideas/new.html.erb within layouts/application (5.0ms)
Completed 200 OK in 31ms (Views: 30.5ms | ActiveRecord: 0.0ms)


Started GET "/assets/ideas.self-e3b0c44298fc1c149afbf4c8996fb92427ae41e4649b934ca495991b7852b855.css?body=1" for ::1 at 2015-07-25 10:46:56 +0900


Started GET "/assets/scaffolds.self-b64549a8cc5ad03ef3f342f74e93eac08a88f8d95aafa1b0e4b3eccd71b41d4a.css?body=1" for ::1 at 2015-07-25 10:46:56 +0900


Started GET "/assets/jquery_ujs.self-ca5248a2fad13d6bd58ea121318d642f195f0b2dd818b30615f785ff365e8d1f.js?body=1" for ::1 at 2015-07-25 10:46:56 +0900


Started GET "/assets/application.self-5beb12bc18b9be7168ac37349124f55738fdfdce9e525383f83bfd688d0298f9.css?body=1" for ::1 at 2015-07-25 10:46:56 +0900


Started GET "/assets/turbolinks.self-c37727e9bd6b2735da5c311aa83fead54ed0be6cc8bd9a65309e9c5abe2cbfff.js?body=1" for ::1 at 2015-07-25 10:46:56 +0900


Started GET "/assets/jquery.self-d03a5518f45df77341bdbe6201ba3bfa547ebba8ed64f0ea56bfa5f96ea7c074.js?body=1" for ::1 at 2015-07-25 10:46:56 +0900


Started GET "/assets/ideas.self-877aef30ae1b040ab8a3aba4e3e309a11d7f2612f44dde450b5c157aa5f95c05.js?body=1" for ::1 at 2015-07-25 10:46:56 +0900


Started GET "/assets/application.self-3b8dabdc891efe46b9a144b400ad69e37d7e5876bdc39dee783419a69d7ca819.js?body=1" for ::1 at 2015-07-25 10:46:56 +0900


Started GET "/ideas/new" for ::1 at 2015-07-25 10:47:08 +0900
  [1m[36mActiveRecord::SchemaMigration Load (0.1ms)[0m  [1mSELECT "schema_migrations".* FROM "schema_migrations"[0m
Processing by IdeasController#new as HTML
  Rendered ideas/_form.html.erb (11.8ms)
  Rendered ideas/new.html.erb within layouts/application (15.8ms)
Completed 200 OK in 227ms (Views: 208.6ms | ActiveRecord: 0.3ms)


Started GET "/assets/jquery_ujs.self-ca5248a2fad13d6bd58ea121318d642f195f0b2dd818b30615f785ff365e8d1f.js?body=1" for ::1 at 2015-07-25 10:47:08 +0900


Started GET "/assets/jquery.self-d03a5518f45df77341bdbe6201ba3bfa547ebba8ed64f0ea56bfa5f96ea7c074.js?body=1" for ::1 at 2015-07-25 10:47:08 +0900


Started GET "/assets/scaffolds.self-b64549a8cc5ad03ef3f342f74e93eac08a88f8d95aafa1b0e4b3eccd71b41d4a.css?body=1" for ::1 at 2015-07-25 10:47:08 +0900


Started GET "/assets/turbolinks.self-c37727e9bd6b2735da5c311aa83fead54ed0be6cc8bd9a65309e9c5abe2cbfff.js?body=1" for ::1 at 2015-07-25 10:47:08 +0900


Started GET "/assets/ideas.self-e3b0c44298fc1c149afbf4c8996fb92427ae41e4649b934ca495991b7852b855.css?body=1" for ::1 at 2015-07-25 10:47:09 +0900


Started GET "/assets/application.self-5beb12bc18b9be7168ac37349124f55738fdfdce9e525383f83bfd688d0298f9.css?body=1" for ::1 at 2015-07-25 10:47:09 +0900


Started GET "/assets/ideas.self-877aef30ae1b040ab8a3aba4e3e309a11d7f2612f44dde450b5c157aa5f95c05.js?body=1" for ::1 at 2015-07-25 10:47:09 +0900


Started GET "/assets/application.self-3b8dabdc891efe46b9a144b400ad69e37d7e5876bdc39dee783419a69d7ca819.js?body=1" for ::1 at 2015-07-25 10:47:09 +0900


Started GET "/" for ::1 at 2015-07-25 10:47:23 +0900
Processing by Rails::WelcomeController#index as HTML
  Rendered /Users/n-matsunaga/.rbenv/versions/2.2.2/lib/ruby/gems/2.2.0/gems/railties-4.2.3/lib/rails/templates/rails/welcome/index.html.erb (0.7ms)
Completed 200 OK in 4ms (Views: 3.0ms | ActiveRecord: 0.0ms)


Started GET "/ideas/new" for ::1 at 2015-07-25 10:49:18 +0900
  [1m[36mActiveRecord::SchemaMigration Load (0.1ms)[0m  [1mSELECT "schema_migrations".* FROM "schema_migrations"[0m
Processing by IdeasController#new as HTML
  Rendered ideas/_form.html.erb (13.1ms)
  Rendered ideas/new.html.erb within layouts/application (17.9ms)
Completed 200 OK in 222ms (Views: 204.0ms | ActiveRecord: 0.3ms)


Started GET "/assets/ideas.self-e3b0c44298fc1c149afbf4c8996fb92427ae41e4649b934ca495991b7852b855.css?body=1" for ::1 at 2015-07-25 10:49:19 +0900


Started GET "/assets/turbolinks.self-c37727e9bd6b2735da5c311aa83fead54ed0be6cc8bd9a65309e9c5abe2cbfff.js?body=1" for ::1 at 2015-07-25 10:49:19 +0900


Started GET "/assets/jquery_ujs.self-ca5248a2fad13d6bd58ea121318d642f195f0b2dd818b30615f785ff365e8d1f.js?body=1" for ::1 at 2015-07-25 10:49:19 +0900


Started GET "/assets/jquery.self-d03a5518f45df77341bdbe6201ba3bfa547ebba8ed64f0ea56bfa5f96ea7c074.js?body=1" for ::1 at 2015-07-25 10:49:19 +0900


Started GET "/assets/scaffolds.self-b64549a8cc5ad03ef3f342f74e93eac08a88f8d95aafa1b0e4b3eccd71b41d4a.css?body=1" for ::1 at 2015-07-25 10:49:19 +0900


Started GET "/assets/application.self-5beb12bc18b9be7168ac37349124f55738fdfdce9e525383f83bfd688d0298f9.css?body=1" for ::1 at 2015-07-25 10:49:19 +0900


Started GET "/assets/ideas.self-877aef30ae1b040ab8a3aba4e3e309a11d7f2612f44dde450b5c157aa5f95c05.js?body=1" for ::1 at 2015-07-25 10:49:19 +0900


Started GET "/assets/application.self-3b8dabdc891efe46b9a144b400ad69e37d7e5876bdc39dee783419a69d7ca819.js?body=1" for ::1 at 2015-07-25 10:49:19 +0900


Started GET "/ideas/new" for ::1 at 2015-07-25 10:50:05 +0900
Processing by IdeasController#new as HTML
  Rendered ideas/_form.html.erb (2.7ms)
  Rendered ideas/new.html.erb within layouts/application (4.2ms)
Completed 200 OK in 28ms (Views: 27.6ms | ActiveRecord: 0.0ms)


Started GET "/assets/application.self-5beb12bc18b9be7168ac37349124f55738fdfdce9e525383f83bfd688d0298f9.css?body=1" for ::1 at 2015-07-25 10:50:05 +0900


Started GET "/assets/ideas.self-e3b0c44298fc1c149afbf4c8996fb92427ae41e4649b934ca495991b7852b855.css?body=1" for ::1 at 2015-07-25 10:50:05 +0900


Started GET "/assets/jquery.self-d03a5518f45df77341bdbe6201ba3bfa547ebba8ed64f0ea56bfa5f96ea7c074.js?body=1" for ::1 at 2015-07-25 10:50:05 +0900


Started GET "/assets/jquery_ujs.self-ca5248a2fad13d6bd58ea121318d642f195f0b2dd818b30615f785ff365e8d1f.js?body=1" for ::1 at 2015-07-25 10:50:05 +0900


Started GET "/assets/turbolinks.self-c37727e9bd6b2735da5c311aa83fead54ed0be6cc8bd9a65309e9c5abe2cbfff.js?body=1" for ::1 at 2015-07-25 10:50:05 +0900


Started GET "/assets/scaffolds.self-b64549a8cc5ad03ef3f342f74e93eac08a88f8d95aafa1b0e4b3eccd71b41d4a.css?body=1" for ::1 at 2015-07-25 10:50:05 +0900


Started GET "/assets/ideas.self-877aef30ae1b040ab8a3aba4e3e309a11d7f2612f44dde450b5c157aa5f95c05.js?body=1" for ::1 at 2015-07-25 10:50:05 +0900


Started GET "/assets/application.self-3b8dabdc891efe46b9a144b400ad69e37d7e5876bdc39dee783419a69d7ca819.js?body=1" for ::1 at 2015-07-25 10:50:05 +0900


Started GET "/ideas/new" for ::1 at 2015-07-25 10:50:57 +0900
Processing by IdeasController#new as HTML
  Rendered ideas/_form.html.erb (1.8ms)
  Rendered ideas/new.html.erb within layouts/application (3.0ms)
Completed 200 OK in 57ms (Views: 56.3ms | ActiveRecord: 0.0ms)


Started GET "/assets/turbolinks.self-c37727e9bd6b2735da5c311aa83fead54ed0be6cc8bd9a65309e9c5abe2cbfff.js?body=1" for ::1 at 2015-07-25 10:50:57 +0900


Started GET "/assets/jquery.self-d03a5518f45df77341bdbe6201ba3bfa547ebba8ed64f0ea56bfa5f96ea7c074.js?body=1" for ::1 at 2015-07-25 10:50:57 +0900


Started GET "/assets/application.self-5beb12bc18b9be7168ac37349124f55738fdfdce9e525383f83bfd688d0298f9.css?body=1" for ::1 at 2015-07-25 10:50:57 +0900


Started GET "/assets/ideas.self-e3b0c44298fc1c149afbf4c8996fb92427ae41e4649b934ca495991b7852b855.css?body=1" for ::1 at 2015-07-25 10:50:57 +0900


Started GET "/assets/scaffolds.self-b64549a8cc5ad03ef3f342f74e93eac08a88f8d95aafa1b0e4b3eccd71b41d4a.css?body=1" for ::1 at 2015-07-25 10:50:57 +0900


Started GET "/assets/ideas.self-877aef30ae1b040ab8a3aba4e3e309a11d7f2612f44dde450b5c157aa5f95c05.js?body=1" for ::1 at 2015-07-25 10:50:57 +0900


Started GET "/assets/jquery_ujs.self-ca5248a2fad13d6bd58ea121318d642f195f0b2dd818b30615f785ff365e8d1f.js?body=1" for ::1 at 2015-07-25 10:50:57 +0900


Started GET "/assets/application.self-3b8dabdc891efe46b9a144b400ad69e37d7e5876bdc39dee783419a69d7ca819.js?body=1" for ::1 at 2015-07-25 10:50:57 +0900


Started GET "/pages/info" for ::1 at 2015-07-25 10:52:16 +0900
Processing by PagesController#info as HTML
  Rendered pages/info.html.erb within layouts/application (0.2ms)
Completed 200 OK in 137ms (Views: 136.1ms | ActiveRecord: 0.0ms)


Started GET "/assets/pages.self-e3b0c44298fc1c149afbf4c8996fb92427ae41e4649b934ca495991b7852b855.css?body=1" for ::1 at 2015-07-25 10:52:16 +0900


Started GET "/assets/pages.self-877aef30ae1b040ab8a3aba4e3e309a11d7f2612f44dde450b5c157aa5f95c05.js?body=1" for ::1 at 2015-07-25 10:52:16 +0900


Started POST "/ideas" for ::1 at 2015-07-25 10:54:10 +0900
Processing by IdeasController#create as HTML
  Parameters: {"utf8"=>"✓", "authenticity_token"=>"zU10Polex/toEDqHyIJQp8B7+6m4OvH62IpLFXPy0JzFjXZnt7CzwsrvEGeI0/Q97yPBB3QLI6ztgqfsat7e3w==", "idea"=>{"name"=>"test2", "description"=>"test2", "picture"=>#<ActionDispatch::Http::UploadedFile:0x007f92585afd38 @tempfile=#<Tempfile:/var/folders/bh/xdl8166n38v0rdc4r4b3mxs40000gn/T/RackMultipart20150725-35419-vzkuey.png>, @original_filename="railsgirls.png", @content_type="image/png", @headers="Content-Disposition: form-data; name=\"idea[picture]\"; filename=\"railsgirls.png\"\r\nContent-Type: image/png\r\n">}, "commit"=>"Create Idea"}
  [1m[35m (0.1ms)[0m  begin transaction
  [1m[36mSQL (0.4ms)[0m  [1mINSERT INTO "ideas" ("name", "description", "picture", "created_at", "updated_at") VALUES (?, ?, ?, ?, ?)[0m  [["name", "test2"], ["description", "test2"], ["picture", "railsgirls.png"], ["created_at", "2015-07-25 01:54:10.987115"], ["updated_at", "2015-07-25 01:54:10.987115"]]
  [1m[35m (0.7ms)[0m  commit transaction
Redirected to http://localhost:3000/ideas/2
Completed 302 Found in 33ms (ActiveRecord: 1.6ms)


Started GET "/ideas/2" for ::1 at 2015-07-25 10:54:11 +0900
Processing by IdeasController#show as HTML
  Parameters: {"id"=>"2"}
  [1m[36mIdea Load (0.2ms)[0m  [1mSELECT  "ideas".* FROM "ideas" WHERE "ideas"."id" = ? LIMIT 1[0m  [["id", 2]]
  Rendered ideas/show.html.erb within layouts/application (1.0ms)
Completed 200 OK in 32ms (Views: 27.6ms | ActiveRecord: 0.2ms)


Started GET "/ideas" for ::1 at 2015-07-25 10:54:13 +0900
Processing by IdeasController#index as HTML
  [1m[35mIdea Load (0.1ms)[0m  SELECT "ideas".* FROM "ideas"
  Rendered ideas/index.html.erb within layouts/application (1.8ms)
Completed 200 OK in 26ms (Views: 25.2ms | ActiveRecord: 0.1ms)


Started GET "/ideas/2" for ::1 at 2015-07-25 10:54:17 +0900
Processing by IdeasController#show as HTML
  Parameters: {"id"=>"2"}
  [1m[36mIdea Load (0.1ms)[0m  [1mSELECT  "ideas".* FROM "ideas" WHERE "ideas"."id" = ? LIMIT 1[0m  [["id", 2]]
  Rendered ideas/show.html.erb within layouts/application (1.1ms)
Completed 200 OK in 30ms (Views: 29.5ms | ActiveRecord: 0.1ms)


Started GET "/" for ::1 at 2015-07-25 10:54:23 +0900


Started GET "/ideas" for ::1 at 2015-07-25 10:54:23 +0900
Processing by IdeasController#index as HTML
  [1m[35mIdea Load (0.2ms)[0m  SELECT "ideas".* FROM "ideas"
  Rendered ideas/index.html.erb within layouts/application (2.2ms)
Completed 200 OK in 31ms (Views: 30.2ms | ActiveRecord: 0.2ms)


Started GET "/ideas/2" for ::1 at 2015-07-25 10:55:19 +0900
Processing by IdeasController#show as HTML
  Parameters: {"id"=>"2"}
  [1m[36mIdea Load (0.1ms)[0m  [1mSELECT  "ideas".* FROM "ideas" WHERE "ideas"."id" = ? LIMIT 1[0m  [["id", 2]]
  Rendered ideas/show.html.erb within layouts/application (0.6ms)
Completed 200 OK in 32ms (Views: 31.1ms | ActiveRecord: 0.1ms)


Started DELETE "/ideas/1" for ::1 at 2015-07-25 10:56:37 +0900
Processing by IdeasController#destroy as HTML
  Parameters: {"authenticity_token"=>"xot3ytaXs+m+nm48TCrmSpwA7gQemjmgfduwg6ebGs3OS3WT6HnH0BxhRNwMe0LQs1jUqtKr6/ZI01x6vrcUjg==", "id"=>"1"}
  [1m[35mIdea Load (0.1ms)[0m  SELECT  "ideas".* FROM "ideas" WHERE "ideas"."id" = ? LIMIT 1  [["id", 1]]
  [1m[36m (0.0ms)[0m  [1mbegin transaction[0m
  [1m[35mSQL (0.4ms)[0m  DELETE FROM "ideas" WHERE "ideas"."id" = ?  [["id", 1]]
  [1m[36m (1.2ms)[0m  [1mcommit transaction[0m
Redirected to http://localhost:3000/ideas
Completed 302 Found in 4ms (ActiveRecord: 1.7ms)


Started GET "/ideas" for ::1 at 2015-07-25 10:56:37 +0900
Processing by IdeasController#index as HTML
  [1m[35mIdea Load (0.2ms)[0m  SELECT "ideas".* FROM "ideas"
  Rendered ideas/index.html.erb within layouts/application (2.0ms)
Completed 200 OK in 45ms (Views: 44.7ms | ActiveRecord: 0.2ms)


Started GET "/ideas" for ::1 at 2015-07-25 10:57:18 +0900
  [1m[36mActiveRecord::SchemaMigration Load (0.1ms)[0m  [1mSELECT "schema_migrations".* FROM "schema_migrations"[0m
Processing by IdeasController#index as HTML
  [1m[35mIdea Load (0.2ms)[0m  SELECT "ideas".* FROM "ideas"
  Rendered ideas/index.html.erb within layouts/application (7.7ms)
Completed 200 OK in 226ms (Views: 213.7ms | ActiveRecord: 0.5ms)


Started GET "/assets/pages.self-e3b0c44298fc1c149afbf4c8996fb92427ae41e4649b934ca495991b7852b855.css?body=1" for ::1 at 2015-07-25 10:57:19 +0900


Started GET "/assets/ideas.self-e3b0c44298fc1c149afbf4c8996fb92427ae41e4649b934ca495991b7852b855.css?body=1" for ::1 at 2015-07-25 10:57:19 +0900


Started GET "/assets/scaffolds.self-b64549a8cc5ad03ef3f342f74e93eac08a88f8d95aafa1b0e4b3eccd71b41d4a.css?body=1" for ::1 at 2015-07-25 10:57:19 +0900


Started GET "/assets/application.self-5beb12bc18b9be7168ac37349124f55738fdfdce9e525383f83bfd688d0298f9.css?body=1" for ::1 at 2015-07-25 10:57:19 +0900


Started GET "/assets/jquery.self-d03a5518f45df77341bdbe6201ba3bfa547ebba8ed64f0ea56bfa5f96ea7c074.js?body=1" for ::1 at 2015-07-25 10:57:19 +0900


Started GET "/assets/jquery_ujs.self-ca5248a2fad13d6bd58ea121318d642f195f0b2dd818b30615f785ff365e8d1f.js?body=1" for ::1 at 2015-07-25 10:57:19 +0900


Started GET "/assets/turbolinks.self-c37727e9bd6b2735da5c311aa83fead54ed0be6cc8bd9a65309e9c5abe2cbfff.js?body=1" for ::1 at 2015-07-25 10:57:19 +0900


Started GET "/assets/ideas.self-877aef30ae1b040ab8a3aba4e3e309a11d7f2612f44dde450b5c157aa5f95c05.js?body=1" for ::1 at 2015-07-25 10:57:19 +0900


Started GET "/assets/pages.self-877aef30ae1b040ab8a3aba4e3e309a11d7f2612f44dde450b5c157aa5f95c05.js?body=1" for ::1 at 2015-07-25 10:57:19 +0900


Started GET "/assets/application.self-3b8dabdc891efe46b9a144b400ad69e37d7e5876bdc39dee783419a69d7ca819.js?body=1" for ::1 at 2015-07-25 10:57:19 +0900


Started GET "/ideas" for ::1 at 2015-07-25 11:03:47 +0900
Processing by IdeasController#index as HTML
  [1m[36mIdea Load (0.1ms)[0m  [1mSELECT "ideas".* FROM "ideas"[0m
  Rendered ideas/index.html.erb within layouts/application (1.5ms)
Completed 200 OK in 30ms (Views: 29.0ms | ActiveRecord: 0.1ms)


Started GET "/assets/pages.self-e3b0c44298fc1c149afbf4c8996fb92427ae41e4649b934ca495991b7852b855.css?body=1" for ::1 at 2015-07-25 11:03:47 +0900


Started GET "/assets/jquery_ujs.self-ca5248a2fad13d6bd58ea121318d642f195f0b2dd818b30615f785ff365e8d1f.js?body=1" for ::1 at 2015-07-25 11:03:47 +0900


Started GET "/assets/ideas.self-e3b0c44298fc1c149afbf4c8996fb92427ae41e4649b934ca495991b7852b855.css?body=1" for ::1 at 2015-07-25 11:03:47 +0900


Started GET "/assets/scaffolds.self-b64549a8cc5ad03ef3f342f74e93eac08a88f8d95aafa1b0e4b3eccd71b41d4a.css?body=1" for ::1 at 2015-07-25 11:03:47 +0900


Started GET "/assets/turbolinks.self-c37727e9bd6b2735da5c311aa83fead54ed0be6cc8bd9a65309e9c5abe2cbfff.js?body=1" for ::1 at 2015-07-25 11:03:47 +0900


Started GET "/assets/application.self-5beb12bc18b9be7168ac37349124f55738fdfdce9e525383f83bfd688d0298f9.css?body=1" for ::1 at 2015-07-25 11:03:47 +0900


Started GET "/assets/jquery.self-d03a5518f45df77341bdbe6201ba3bfa547ebba8ed64f0ea56bfa5f96ea7c074.js?body=1" for ::1 at 2015-07-25 11:03:47 +0900


Started GET "/assets/ideas.self-877aef30ae1b040ab8a3aba4e3e309a11d7f2612f44dde450b5c157aa5f95c05.js?body=1" for ::1 at 2015-07-25 11:03:47 +0900


Started GET "/assets/pages.self-877aef30ae1b040ab8a3aba4e3e309a11d7f2612f44dde450b5c157aa5f95c05.js?body=1" for ::1 at 2015-07-25 11:03:47 +0900


Started GET "/assets/application.self-3b8dabdc891efe46b9a144b400ad69e37d7e5876bdc39dee783419a69d7ca819.js?body=1" for ::1 at 2015-07-25 11:03:47 +0900


Started GET "/ideas" for ::1 at 2015-07-25 11:03:49 +0900
Processing by IdeasController#index as HTML
  [1m[35mIdea Load (0.1ms)[0m  SELECT "ideas".* FROM "ideas"
  Rendered ideas/index.html.erb within layouts/application (1.1ms)
Completed 200 OK in 31ms (Views: 30.1ms | ActiveRecord: 0.1ms)


Started GET "/assets/ideas.self-e3b0c44298fc1c149afbf4c8996fb92427ae41e4649b934ca495991b7852b855.css?body=1" for ::1 at 2015-07-25 11:03:49 +0900


Started GET "/assets/scaffolds.self-b64549a8cc5ad03ef3f342f74e93eac08a88f8d95aafa1b0e4b3eccd71b41d4a.css?body=1" for ::1 at 2015-07-25 11:03:49 +0900


Started GET "/assets/application.self-5beb12bc18b9be7168ac37349124f55738fdfdce9e525383f83bfd688d0298f9.css?body=1" for ::1 at 2015-07-25 11:03:49 +0900


Started GET "/assets/jquery.self-d03a5518f45df77341bdbe6201ba3bfa547ebba8ed64f0ea56bfa5f96ea7c074.js?body=1" for ::1 at 2015-07-25 11:03:49 +0900


Started GET "/assets/pages.self-e3b0c44298fc1c149afbf4c8996fb92427ae41e4649b934ca495991b7852b855.css?body=1" for ::1 at 2015-07-25 11:03:49 +0900


Started GET "/assets/jquery_ujs.self-ca5248a2fad13d6bd58ea121318d642f195f0b2dd818b30615f785ff365e8d1f.js?body=1" for ::1 at 2015-07-25 11:03:49 +0900


Started GET "/assets/turbolinks.self-c37727e9bd6b2735da5c311aa83fead54ed0be6cc8bd9a65309e9c5abe2cbfff.js?body=1" for ::1 at 2015-07-25 11:03:49 +0900


Started GET "/assets/ideas.self-877aef30ae1b040ab8a3aba4e3e309a11d7f2612f44dde450b5c157aa5f95c05.js?body=1" for ::1 at 2015-07-25 11:03:49 +0900


Started GET "/assets/pages.self-877aef30ae1b040ab8a3aba4e3e309a11d7f2612f44dde450b5c157aa5f95c05.js?body=1" for ::1 at 2015-07-25 11:03:49 +0900


Started GET "/assets/application.self-3b8dabdc891efe46b9a144b400ad69e37d7e5876bdc39dee783419a69d7ca819.js?body=1" for ::1 at 2015-07-25 11:03:49 +0900


Started GET "/ideas" for ::1 at 2015-07-25 11:03:50 +0900
Processing by IdeasController#index as HTML
  [1m[36mIdea Load (0.1ms)[0m  [1mSELECT "ideas".* FROM "ideas"[0m
  Rendered ideas/index.html.erb within layouts/application (1.0ms)
Completed 200 OK in 50ms (Views: 49.4ms | ActiveRecord: 0.1ms)


Started GET "/assets/ideas.self-e3b0c44298fc1c149afbf4c8996fb92427ae41e4649b934ca495991b7852b855.css?body=1" for ::1 at 2015-07-25 11:03:50 +0900


Started GET "/assets/pages.self-e3b0c44298fc1c149afbf4c8996fb92427ae41e4649b934ca495991b7852b855.css?body=1" for ::1 at 2015-07-25 11:03:50 +0900


Started GET "/assets/jquery.self-d03a5518f45df77341bdbe6201ba3bfa547ebba8ed64f0ea56bfa5f96ea7c074.js?body=1" for ::1 at 2015-07-25 11:03:50 +0900


Started GET "/assets/application.self-5beb12bc18b9be7168ac37349124f55738fdfdce9e525383f83bfd688d0298f9.css?body=1" for ::1 at 2015-07-25 11:03:50 +0900


Started GET "/assets/scaffolds.self-b64549a8cc5ad03ef3f342f74e93eac08a88f8d95aafa1b0e4b3eccd71b41d4a.css?body=1" for ::1 at 2015-07-25 11:03:50 +0900


Started GET "/assets/jquery_ujs.self-ca5248a2fad13d6bd58ea121318d642f195f0b2dd818b30615f785ff365e8d1f.js?body=1" for ::1 at 2015-07-25 11:03:50 +0900


Started GET "/assets/turbolinks.self-c37727e9bd6b2735da5c311aa83fead54ed0be6cc8bd9a65309e9c5abe2cbfff.js?body=1" for ::1 at 2015-07-25 11:03:50 +0900


Started GET "/assets/ideas.self-877aef30ae1b040ab8a3aba4e3e309a11d7f2612f44dde450b5c157aa5f95c05.js?body=1" for ::1 at 2015-07-25 11:03:50 +0900


Started GET "/assets/pages.self-877aef30ae1b040ab8a3aba4e3e309a11d7f2612f44dde450b5c157aa5f95c05.js?body=1" for ::1 at 2015-07-25 11:03:50 +0900


Started GET "/assets/application.self-3b8dabdc891efe46b9a144b400ad69e37d7e5876bdc39dee783419a69d7ca819.js?body=1" for ::1 at 2015-07-25 11:03:50 +0900


Started GET "/ideas" for ::1 at 2015-07-25 11:04:19 +0900
Processing by IdeasController#index as HTML
  [1m[35mIdea Load (0.1ms)[0m  SELECT "ideas".* FROM "ideas"
  Rendered ideas/index.html.erb within layouts/application (1.5ms)
Completed 200 OK in 65ms (Views: 64.0ms | ActiveRecord: 0.1ms)


Started GET "/assets/application.self-41e8e60f85c3e33b4619bc37003d7edbe28b50d91da2be85e823167900b90600.css?body=1" for ::1 at 2015-07-25 11:04:19 +0900


Started GET "/assets/pages.self-e3b0c44298fc1c149afbf4c8996fb92427ae41e4649b934ca495991b7852b855.css?body=1" for ::1 at 2015-07-25 11:04:19 +0900


Started GET "/assets/jquery_ujs.self-ca5248a2fad13d6bd58ea121318d642f195f0b2dd818b30615f785ff365e8d1f.js?body=1" for ::1 at 2015-07-25 11:04:19 +0900


Started GET "/assets/scaffolds.self-b64549a8cc5ad03ef3f342f74e93eac08a88f8d95aafa1b0e4b3eccd71b41d4a.css?body=1" for ::1 at 2015-07-25 11:04:19 +0900


Started GET "/assets/jquery.self-d03a5518f45df77341bdbe6201ba3bfa547ebba8ed64f0ea56bfa5f96ea7c074.js?body=1" for ::1 at 2015-07-25 11:04:19 +0900


Started GET "/assets/ideas.self-e3b0c44298fc1c149afbf4c8996fb92427ae41e4649b934ca495991b7852b855.css?body=1" for ::1 at 2015-07-25 11:04:19 +0900


Started GET "/assets/ideas.self-877aef30ae1b040ab8a3aba4e3e309a11d7f2612f44dde450b5c157aa5f95c05.js?body=1" for ::1 at 2015-07-25 11:04:19 +0900


Started GET "/assets/turbolinks.self-c37727e9bd6b2735da5c311aa83fead54ed0be6cc8bd9a65309e9c5abe2cbfff.js?body=1" for ::1 at 2015-07-25 11:04:19 +0900


Started GET "/assets/pages.self-877aef30ae1b040ab8a3aba4e3e309a11d7f2612f44dde450b5c157aa5f95c05.js?body=1" for ::1 at 2015-07-25 11:04:19 +0900


Started GET "/assets/application.self-3b8dabdc891efe46b9a144b400ad69e37d7e5876bdc39dee783419a69d7ca819.js?body=1" for ::1 at 2015-07-25 11:04:19 +0900


Started GET "/ideas" for ::1 at 2015-07-25 11:04:21 +0900
Processing by IdeasController#index as HTML
  [1m[36mIdea Load (0.1ms)[0m  [1mSELECT "ideas".* FROM "ideas"[0m
  Rendered ideas/index.html.erb within layouts/application (1.5ms)
Completed 200 OK in 44ms (Views: 42.9ms | ActiveRecord: 0.1ms)


Started GET "/assets/ideas.self-e3b0c44298fc1c149afbf4c8996fb92427ae41e4649b934ca495991b7852b855.css?body=1" for ::1 at 2015-07-25 11:04:21 +0900


Started GET "/assets/pages.self-e3b0c44298fc1c149afbf4c8996fb92427ae41e4649b934ca495991b7852b855.css?body=1" for ::1 at 2015-07-25 11:04:21 +0900


Started GET "/assets/jquery.self-d03a5518f45df77341bdbe6201ba3bfa547ebba8ed64f0ea56bfa5f96ea7c074.js?body=1" for ::1 at 2015-07-25 11:04:21 +0900


Started GET "/assets/application.self-41e8e60f85c3e33b4619bc37003d7edbe28b50d91da2be85e823167900b90600.css?body=1" for ::1 at 2015-07-25 11:04:21 +0900


Started GET "/assets/scaffolds.self-b64549a8cc5ad03ef3f342f74e93eac08a88f8d95aafa1b0e4b3eccd71b41d4a.css?body=1" for ::1 at 2015-07-25 11:04:21 +0900


Started GET "/assets/jquery_ujs.self-ca5248a2fad13d6bd58ea121318d642f195f0b2dd818b30615f785ff365e8d1f.js?body=1" for ::1 at 2015-07-25 11:04:21 +0900


Started GET "/assets/turbolinks.self-c37727e9bd6b2735da5c311aa83fead54ed0be6cc8bd9a65309e9c5abe2cbfff.js?body=1" for ::1 at 2015-07-25 11:04:21 +0900


Started GET "/assets/pages.self-877aef30ae1b040ab8a3aba4e3e309a11d7f2612f44dde450b5c157aa5f95c05.js?body=1" for ::1 at 2015-07-25 11:04:21 +0900


Started GET "/assets/application.self-3b8dabdc891efe46b9a144b400ad69e37d7e5876bdc39dee783419a69d7ca819.js?body=1" for ::1 at 2015-07-25 11:04:21 +0900


Started GET "/assets/ideas.self-877aef30ae1b040ab8a3aba4e3e309a11d7f2612f44dde450b5c157aa5f95c05.js?body=1" for ::1 at 2015-07-25 11:04:21 +0900


Started GET "/ideas" for ::1 at 2015-07-25 11:04:43 +0900
Processing by IdeasController#index as HTML
  [1m[35mIdea Load (0.1ms)[0m  SELECT "ideas".* FROM "ideas"
  Rendered ideas/index.html.erb within layouts/application (1.3ms)
Completed 200 OK in 56ms (Views: 55.6ms | ActiveRecord: 0.1ms)


Started GET "/assets/application.self-a074cd345121fe9747b268e88c3b8b8539d29a3ba901029eaf9a642b22133139.css?body=1" for ::1 at 2015-07-25 11:04:43 +0900


Started GET "/assets/jquery_ujs.self-ca5248a2fad13d6bd58ea121318d642f195f0b2dd818b30615f785ff365e8d1f.js?body=1" for ::1 at 2015-07-25 11:04:43 +0900


Started GET "/assets/pages.self-e3b0c44298fc1c149afbf4c8996fb92427ae41e4649b934ca495991b7852b855.css?body=1" for ::1 at 2015-07-25 11:04:43 +0900


Started GET "/assets/jquery.self-d03a5518f45df77341bdbe6201ba3bfa547ebba8ed64f0ea56bfa5f96ea7c074.js?body=1" for ::1 at 2015-07-25 11:04:43 +0900


Started GET "/assets/ideas.self-e3b0c44298fc1c149afbf4c8996fb92427ae41e4649b934ca495991b7852b855.css?body=1" for ::1 at 2015-07-25 11:04:43 +0900


Started GET "/assets/scaffolds.self-b64549a8cc5ad03ef3f342f74e93eac08a88f8d95aafa1b0e4b3eccd71b41d4a.css?body=1" for ::1 at 2015-07-25 11:04:43 +0900


Started GET "/assets/turbolinks.self-c37727e9bd6b2735da5c311aa83fead54ed0be6cc8bd9a65309e9c5abe2cbfff.js?body=1" for ::1 at 2015-07-25 11:04:43 +0900


Started GET "/assets/ideas.self-877aef30ae1b040ab8a3aba4e3e309a11d7f2612f44dde450b5c157aa5f95c05.js?body=1" for ::1 at 2015-07-25 11:04:43 +0900


Started GET "/assets/pages.self-877aef30ae1b040ab8a3aba4e3e309a11d7f2612f44dde450b5c157aa5f95c05.js?body=1" for ::1 at 2015-07-25 11:04:43 +0900


Started GET "/assets/application.self-3b8dabdc891efe46b9a144b400ad69e37d7e5876bdc39dee783419a69d7ca819.js?body=1" for ::1 at 2015-07-25 11:04:43 +0900


Started GET "/ideas" for ::1 at 2015-07-25 11:05:17 +0900
Processing by IdeasController#index as HTML
  [1m[36mIdea Load (0.1ms)[0m  [1mSELECT "ideas".* FROM "ideas"[0m
  Rendered ideas/index.html.erb within layouts/application (1.0ms)
Completed 200 OK in 58ms (Views: 57.1ms | ActiveRecord: 0.1ms)


Started GET "/assets/application.self-7caa5b05c538b6599d37306e16ee4e92fd94a000fd1a7ecfa6e53aa16302a8c3.css?body=1" for ::1 at 2015-07-25 11:05:17 +0900


Started GET "/assets/jquery_ujs.self-ca5248a2fad13d6bd58ea121318d642f195f0b2dd818b30615f785ff365e8d1f.js?body=1" for ::1 at 2015-07-25 11:05:17 +0900


Started GET "/assets/jquery.self-d03a5518f45df77341bdbe6201ba3bfa547ebba8ed64f0ea56bfa5f96ea7c074.js?body=1" for ::1 at 2015-07-25 11:05:17 +0900


Started GET "/assets/turbolinks.self-c37727e9bd6b2735da5c311aa83fead54ed0be6cc8bd9a65309e9c5abe2cbfff.js?body=1" for ::1 at 2015-07-25 11:05:17 +0900


Started GET "/assets/pages.self-e3b0c44298fc1c149afbf4c8996fb92427ae41e4649b934ca495991b7852b855.css?body=1" for ::1 at 2015-07-25 11:05:17 +0900


Started GET "/assets/ideas.self-e3b0c44298fc1c149afbf4c8996fb92427ae41e4649b934ca495991b7852b855.css?body=1" for ::1 at 2015-07-25 11:05:17 +0900


Started GET "/assets/scaffolds.self-b64549a8cc5ad03ef3f342f74e93eac08a88f8d95aafa1b0e4b3eccd71b41d4a.css?body=1" for ::1 at 2015-07-25 11:05:17 +0900


Started GET "/assets/ideas.self-877aef30ae1b040ab8a3aba4e3e309a11d7f2612f44dde450b5c157aa5f95c05.js?body=1" for ::1 at 2015-07-25 11:05:17 +0900


Started GET "/assets/pages.self-877aef30ae1b040ab8a3aba4e3e309a11d7f2612f44dde450b5c157aa5f95c05.js?body=1" for ::1 at 2015-07-25 11:05:17 +0900


Started GET "/assets/application.self-3b8dabdc891efe46b9a144b400ad69e37d7e5876bdc39dee783419a69d7ca819.js?body=1" for ::1 at 2015-07-25 11:05:17 +0900


Started GET "/ideas/2" for ::1 at 2015-07-25 11:31:36 +0900
Processing by IdeasController#show as HTML
  Parameters: {"id"=>"2"}
  [1m[35mIdea Load (0.2ms)[0m  SELECT  "ideas".* FROM "ideas" WHERE "ideas"."id" = ? LIMIT 1  [["id", 2]]
  Rendered ideas/show.html.erb within layouts/application (1.3ms)
Completed 200 OK in 37ms (Views: 27.1ms | ActiveRecord: 0.2ms)


Started GET "/" for ::1 at 2015-07-25 11:31:41 +0900


Started GET "/ideas" for ::1 at 2015-07-25 11:31:41 +0900
Processing by IdeasController#index as HTML
  [1m[36mIdea Load (0.1ms)[0m  [1mSELECT "ideas".* FROM "ideas"[0m
  Rendered ideas/index.html.erb within layouts/application (1.3ms)
Completed 200 OK in 33ms (Views: 31.9ms | ActiveRecord: 0.1ms)


Started GET "/" for ::1 at 2015-07-25 11:32:20 +0900


Started GET "/ideas" for ::1 at 2015-07-25 11:32:20 +0900
Processing by IdeasController#index as HTML
  [1m[35mIdea Load (0.2ms)[0m  SELECT "ideas".* FROM "ideas"
  Rendered ideas/index.html.erb within layouts/application (2.1ms)
Completed 200 OK in 35ms (Views: 34.4ms | ActiveRecord: 0.2ms)


Started GET "/" for ::1 at 2015-07-25 11:32:32 +0900


Started GET "/" for ::1 at 2015-07-25 11:32:38 +0900


Started GET "/ideas" for ::1 at 2015-07-25 11:32:38 +0900
Processing by IdeasController#index as HTML
  [1m[36mIdea Load (0.2ms)[0m  [1mSELECT "ideas".* FROM "ideas"[0m
  Rendered ideas/index.html.erb within layouts/application (1.4ms)
Completed 200 OK in 30ms (Views: 29.5ms | ActiveRecord: 0.2ms)
  [1m[36mActiveRecord::SchemaMigration Load (0.1ms)[0m  [1mSELECT "schema_migrations".* FROM "schema_migrations"[0m
  [1m[35mActiveRecord::SchemaMigration Load (0.1ms)[0m  SELECT "schema_migrations".* FROM "schema_migrations"
